# JRE version: Java(TM) SE Runtime Environment (17.0.12+8) (build 17.0.12+8-LTS-286)
# Java VM: Java HotSpot(TM) 64-Bit Server VM (17.0.12+8-LTS-286, mixed mode, sharing, tiered, compressed oops, compressed class ptrs, g1 gc, windows-amd64)
GC Precious Log:
 CPUs: 4 total, 4 available
 Memory: 3976M
 Large Page Support: Disabled
 NUMA Support: Disabled
 Compressed Oops: Enabled (32-bit)
 Heap Region Size: 1M
 Heap Min Capacity: 8M
 Heap Initial Capacity: 64M
 Heap Max Capacity: 996M
 Pre-touch: Disabled
 Parallel Workers: 4
 Concurrent Workers: 1
 Concurrent Refinement Workers: 4
 Periodic GC: Disabled
Heap:
 garbage-first heap   total 70656K, used 43070K [0x00000000c1c00000, 0x0000000100000000)
  region size 1024K, 11 young (11264K), 2 survivors (2048K)
 Metaspace       used 80227K, committed 80896K, reserved 1179648K
  class space    used 10247K, committed 10560K, reserved 1048576K
GC Heap History (20 events):
Event: 5.565 GC heap before
{Heap before GC invocations=6 (full 0):
 garbage-first heap   total 58368K, used 45161K [0x00000000c1c00000, 0x0000000100000000)
  region size 1024K, 34 young (34816K), 5 survivors (5120K)
 Metaspace       used 26355K, committed 26752K, reserved 1114112K
  class space    used 3407K, committed 3584K, reserved 1048576K
}
Event: 5.585 GC heap after
{Heap after GC invocations=7 (full 0):
 garbage-first heap   total 58368K, used 18291K [0x00000000c1c00000, 0x0000000100000000)
  region size 1024K, 5 young (5120K), 5 survivors (5120K)
 Metaspace       used 26355K, committed 26752K, reserved 1114112K
  class space    used 3407K, committed 3584K, reserved 1048576K
}
Event: 6.866 GC heap before
{Heap before GC invocations=7 (full 0):
 garbage-first heap   total 58368K, used 42867K [0x00000000c1c00000, 0x0000000100000000)
  region size 1024K, 29 young (29696K), 5 survivors (5120K)
 Metaspace       used 32453K, committed 32960K, reserved 1114112K
  class space    used 4109K, committed 4352K, reserved 1048576K
}
Event: 6.876 GC heap after
{Heap after GC invocations=8 (full 0):
 garbage-first heap   total 70656K, used 21177K [0x00000000c1c00000, 0x0000000100000000)
  region size 1024K, 3 young (3072K), 3 survivors (3072K)
 Metaspace       used 32453K, committed 32960K, reserved 1114112K
  class space    used 4109K, committed 4352K, reserved 1048576K
}
Event: 7.534 GC heap before
{Heap before GC invocations=8 (full 0):
 garbage-first heap   total 70656K, used 32441K [0x00000000c1c00000, 0x0000000100000000)
  region size 1024K, 15 young (15360K), 3 survivors (3072K)
 Metaspace       used 35523K, committed 35968K, reserved 1114112K
  class space    used 4575K, committed 4800K, reserved 1048576K
}
Event: 7.538 GC heap after
{Heap after GC invocations=9 (full 0):
 garbage-first heap   total 70656K, used 22102K [0x00000000c1c00000, 0x0000000100000000)
  region size 1024K, 1 young (1024K), 1 survivors (1024K)
 Metaspace       used 35523K, committed 35968K, reserved 1114112K
  class space    used 4575K, committed 4800K, reserved 1048576K
}
Event: 10.926 GC heap before
{Heap before GC invocations=10 (full 0):
 garbage-first heap   total 70656K, used 51798K [0x00000000c1c00000, 0x0000000100000000)
  region size 1024K, 31 young (31744K), 1 survivors (1024K)
 Metaspace       used 45147K, committed 45632K, reserved 1114112K
  class space    used 5813K, committed 6016K, reserved 1048576K
}
Event: 10.931 GC heap after
{Heap after GC invocations=11 (full 0):
 garbage-first heap   total 70656K, used 24284K [0x00000000c1c00000, 0x0000000100000000)
  region size 1024K, 3 young (3072K), 3 survivors (3072K)
 Metaspace       used 45147K, committed 45632K, reserved 1114112K
  class space    used 5813K, committed 6016K, reserved 1048576K
}
Event: 12.088 GC heap before
{Heap before GC invocations=11 (full 0):
 garbage-first heap   total 70656K, used 55004K [0x00000000c1c00000, 0x0000000100000000)
  region size 1024K, 33 young (33792K), 3 survivors (3072K)
 Metaspace       used 53710K, committed 54144K, reserved 1114112K
  class space    used 7030K, committed 7232K, reserved 1048576K
}
Event: 12.093 GC heap after
{Heap after GC invocations=12 (full 0):
 garbage-first heap   total 70656K, used 25858K [0x00000000c1c00000, 0x0000000100000000)
  region size 1024K, 4 young (4096K), 4 survivors (4096K)
 Metaspace       used 53710K, committed 54144K, reserved 1114112K
  class space    used 7030K, committed 7232K, reserved 1048576K
}
Event: 13.254 GC heap before
{Heap before GC invocations=12 (full 0):
 garbage-first heap   total 70656K, used 52482K [0x00000000c1c00000, 0x0000000100000000)
  region size 1024K, 31 young (31744K), 4 survivors (4096K)
 Metaspace       used 59870K, committed 60480K, reserved 1114112K
  class space    used 8023K, committed 8320K, reserved 1048576K
}
Event: 13.266 GC heap after
{Heap after GC invocations=13 (full 0):
 garbage-first heap   total 70656K, used 27056K [0x00000000c1c00000, 0x0000000100000000)
  region size 1024K, 3 young (3072K), 3 survivors (3072K)
 Metaspace       used 59870K, committed 60480K, reserved 1114112K
  class space    used 8023K, committed 8320K, reserved 1048576K
}
Event: 56.372 GC heap before
{Heap before GC invocations=14 (full 0):
 garbage-first heap   total 70656K, used 56752K [0x00000000c1c00000, 0x0000000100000000)
  region size 1024K, 32 young (32768K), 3 survivors (3072K)
 Metaspace       used 64628K, committed 65216K, reserved 1114112K
  class space    used 8666K, committed 8960K, reserved 1048576K
}
Event: 56.399 GC heap after
{Heap after GC invocations=15 (full 0):
 garbage-first heap   total 70656K, used 29500K [0x00000000c1c00000, 0x0000000100000000)
  region size 1024K, 4 young (4096K), 4 survivors (4096K)
 Metaspace       used 64628K, committed 65216K, reserved 1114112K
  class space    used 8666K, committed 8960K, reserved 1048576K
}
Event: 57.675 GC heap before
{Heap before GC invocations=16 (full 0):
 garbage-first heap   total 70656K, used 55100K [0x00000000c1c00000, 0x0000000100000000)
  region size 1024K, 30 young (30720K), 4 survivors (4096K)
 Metaspace       used 67957K, committed 68608K, reserved 1114112K
  class space    used 9118K, committed 9408K, reserved 1048576K
}
Event: 57.698 GC heap after
{Heap after GC invocations=17 (full 0):
 garbage-first heap   total 70656K, used 32339K [0x00000000c1c00000, 0x0000000100000000)
  region size 1024K, 3 young (3072K), 3 survivors (3072K)
 Metaspace       used 67957K, committed 68608K, reserved 1114112K
  class space    used 9118K, committed 9408K, reserved 1048576K
}
Event: 58.959 GC heap before
{Heap before GC invocations=17 (full 0):
 garbage-first heap   total 70656K, used 55891K [0x00000000c1c00000, 0x0000000100000000)
  region size 1024K, 26 young (26624K), 3 survivors (3072K)
 Metaspace       used 73687K, committed 74304K, reserved 1114112K
  class space    used 9780K, committed 10048K, reserved 1048576K
}
Event: 58.974 GC heap after
{Heap after GC invocations=18 (full 0):
 garbage-first heap   total 70656K, used 34202K [0x00000000c1c00000, 0x0000000100000000)
  region size 1024K, 2 young (2048K), 2 survivors (2048K)
 Metaspace       used 73687K, committed 74304K, reserved 1114112K
  class space    used 9780K, committed 10048K, reserved 1048576K
}
Event: 120.530 GC heap before
{Heap before GC invocations=18 (full 0):
 garbage-first heap   total 70656K, used 55706K [0x00000000c1c00000, 0x0000000100000000)
  region size 1024K, 24 young (24576K), 2 survivors (2048K)
 Metaspace       used 79249K, committed 79936K, reserved 1179648K
  class space    used 10140K, committed 10496K, reserved 1048576K
}
Event: 120.639 GC heap after
{Heap after GC invocations=19 (full 0):
 garbage-first heap   total 70656K, used 35902K [0x00000000c1c00000, 0x0000000100000000)
  region size 1024K, 2 young (2048K), 2 survivors (2048K)
 Metaspace       used 79249K, committed 79936K, reserved 1179648K
  class space    used 10140K, committed 10496K, reserved 1048576K
}

