# JRE version: Java(TM) SE Runtime Environment (17.0.12+8) (build 17.0.12+8-LTS-286)
# Java VM: Java HotSpot(TM) 64-Bit Server VM (17.0.12+8-LTS-286, mixed mode, sharing, tiered, compressed oops, compressed class ptrs, g1 gc, windows-amd64)
GC Precious Log:
 CPUs: 4 total, 4 available
 Memory: 3976M
 Large Page Support: Disabled
 NUMA Support: Disabled
 Compressed Oops: Enabled (32-bit)
 Heap Region Size: 1M
 Heap Min Capacity: 8M
 Heap Initial Capacity: 64M
 Heap Max Capacity: 996M
 Pre-touch: Disabled
 Parallel Workers: 4
 Concurrent Workers: 1
 Concurrent Refinement Workers: 4
 Periodic GC: Disabled
Heap:
 garbage-first heap   total 99328K, used 39508K [0x00000000c1c00000, 0x0000000100000000)
  region size 1024K, 7 young (7168K), 3 survivors (3072K)
 Metaspace       used 87046K, committed 87744K, reserved 1179648K
  class space    used 11156K, committed 11520K, reserved 1048576K
GC Heap History (20 events):
Event: 9.976 GC heap before
{Heap before GC invocations=11 (full 0):
 garbage-first heap   total 58368K, used 42317K [0x00000000c1c00000, 0x0000000100000000)
  region size 1024K, 23 young (23552K), 1 survivors (1024K)
 Metaspace       used 43693K, committed 44160K, reserved 1114112K
  class space    used 5668K, committed 5888K, reserved 1048576K
}
Event: 9.982 GC heap after
{Heap after GC invocations=12 (full 0):
 garbage-first heap   total 58368K, used 22083K [0x00000000c1c00000, 0x0000000100000000)
  region size 1024K, 2 young (2048K), 2 survivors (2048K)
 Metaspace       used 43693K, committed 44160K, reserved 1114112K
  class space    used 5668K, committed 5888K, reserved 1048576K
}
Event: 12.464 GC heap before
{Heap before GC invocations=12 (full 0):
 garbage-first heap   total 58368K, used 44611K [0x00000000c1c00000, 0x0000000100000000)
  region size 1024K, 24 young (24576K), 2 survivors (2048K)
 Metaspace       used 48827K, committed 49408K, reserved 1114112K
  class space    used 6325K, committed 6592K, reserved 1048576K
}
Event: 12.470 GC heap after
{Heap after GC invocations=13 (full 0):
 garbage-first heap   total 58368K, used 23856K [0x00000000c1c00000, 0x0000000100000000)
  region size 1024K, 3 young (3072K), 3 survivors (3072K)
 Metaspace       used 48827K, committed 49408K, reserved 1114112K
  class space    used 6325K, committed 6592K, reserved 1048576K
}
Event: 13.272 GC heap before
{Heap before GC invocations=13 (full 0):
 garbage-first heap   total 58368K, used 44336K [0x00000000c1c00000, 0x0000000100000000)
  region size 1024K, 24 young (24576K), 3 survivors (3072K)
 Metaspace       used 55055K, committed 55616K, reserved 1114112K
  class space    used 7289K, committed 7552K, reserved 1048576K
}
Event: 13.281 GC heap after
{Heap after GC invocations=14 (full 0):
 garbage-first heap   total 58368K, used 25091K [0x00000000c1c00000, 0x0000000100000000)
  region size 1024K, 2 young (2048K), 2 survivors (2048K)
 Metaspace       used 55055K, committed 55616K, reserved 1114112K
  class space    used 7289K, committed 7552K, reserved 1048576K
}
Event: 14.093 GC heap before
{Heap before GC invocations=14 (full 0):
 garbage-first heap   total 58368K, used 45571K [0x00000000c1c00000, 0x0000000100000000)
  region size 1024K, 22 young (22528K), 2 survivors (2048K)
 Metaspace       used 59661K, committed 60288K, reserved 1114112K
  class space    used 7989K, committed 8256K, reserved 1048576K
}
Event: 14.097 GC heap after
{Heap after GC invocations=15 (full 0):
 garbage-first heap   total 108544K, used 25451K [0x00000000c1c00000, 0x0000000100000000)
  region size 1024K, 2 young (2048K), 2 survivors (2048K)
 Metaspace       used 59661K, committed 60288K, reserved 1114112K
  class space    used 7989K, committed 8256K, reserved 1048576K
}
Event: 14.118 GC heap before
{Heap before GC invocations=15 (full 0):
 garbage-first heap   total 108544K, used 26475K [0x00000000c1c00000, 0x0000000100000000)
  region size 1024K, 4 young (4096K), 2 survivors (2048K)
 Metaspace       used 59797K, committed 60416K, reserved 1114112K
  class space    used 8012K, committed 8256K, reserved 1048576K
}
Event: 14.123 GC heap after
{Heap after GC invocations=16 (full 0):
 garbage-first heap   total 108544K, used 25504K [0x00000000c1c00000, 0x0000000100000000)
  region size 1024K, 2 young (2048K), 2 survivors (2048K)
 Metaspace       used 59797K, committed 60416K, reserved 1114112K
  class space    used 8012K, committed 8256K, reserved 1048576K
}
Event: 53.457 GC heap before
{Heap before GC invocations=17 (full 0):
 garbage-first heap   total 99328K, used 82848K [0x00000000c1c00000, 0x0000000100000000)
  region size 1024K, 58 young (59392K), 2 survivors (2048K)
 Metaspace       used 68746K, committed 69376K, reserved 1114112K
  class space    used 9213K, committed 9536K, reserved 1048576K
}
Event: 53.497 GC heap after
{Heap after GC invocations=18 (full 0):
 garbage-first heap   total 99328K, used 30505K [0x00000000c1c00000, 0x0000000100000000)
  region size 1024K, 7 young (7168K), 7 survivors (7168K)
 Metaspace       used 68746K, committed 69376K, reserved 1114112K
  class space    used 9213K, committed 9536K, reserved 1048576K
}
Event: 53.587 GC heap before
{Heap before GC invocations=18 (full 0):
 garbage-first heap   total 99328K, used 30505K [0x00000000c1c00000, 0x0000000100000000)
  region size 1024K, 8 young (8192K), 7 survivors (7168K)
 Metaspace       used 68838K, committed 69440K, reserved 1114112K
  class space    used 9231K, committed 9536K, reserved 1048576K
}
Event: 53.662 GC heap after
{Heap after GC invocations=19 (full 0):
 garbage-first heap   total 99328K, used 31411K [0x00000000c1c00000, 0x0000000100000000)
  region size 1024K, 1 young (1024K), 1 survivors (1024K)
 Metaspace       used 68838K, committed 69440K, reserved 1114112K
  class space    used 9231K, committed 9536K, reserved 1048576K
}
Event: 78.884 GC heap before
{Heap before GC invocations=19 (full 0):
 garbage-first heap   total 99328K, used 77491K [0x00000000c1c00000, 0x0000000100000000)
  region size 1024K, 46 young (47104K), 1 survivors (1024K)
 Metaspace       used 80495K, committed 81216K, reserved 1179648K
  class space    used 10300K, committed 10624K, reserved 1048576K
}
Event: 78.912 GC heap after
{Heap after GC invocations=20 (full 0):
 garbage-first heap   total 99328K, used 33660K [0x00000000c1c00000, 0x0000000100000000)
  region size 1024K, 4 young (4096K), 4 survivors (4096K)
 Metaspace       used 80495K, committed 81216K, reserved 1179648K
  class space    used 10300K, committed 10624K, reserved 1048576K
}
Event: 269.291 GC heap before
{Heap before GC invocations=20 (full 0):
 garbage-first heap   total 99328K, used 76668K [0x00000000c1c00000, 0x0000000100000000)
  region size 1024K, 47 young (48128K), 4 survivors (4096K)
 Metaspace       used 86820K, committed 87488K, reserved 1179648K
  class space    used 11147K, committed 11456K, reserved 1048576K
}
Event: 269.576 GC heap after
{Heap after GC invocations=21 (full 0):
 garbage-first heap   total 99328K, used 36079K [0x00000000c1c00000, 0x0000000100000000)
  region size 1024K, 6 young (6144K), 6 survivors (6144K)
 Metaspace       used 86820K, committed 87488K, reserved 1179648K
  class space    used 11147K, committed 11456K, reserved 1048576K
}
Event: 747.398 GC heap before
{Heap before GC invocations=21 (full 0):
 garbage-first heap   total 99328K, used 79087K [0x00000000c1c00000, 0x0000000100000000)
  region size 1024K, 48 young (49152K), 6 survivors (6144K)
 Metaspace       used 86997K, committed 87680K, reserved 1179648K
  class space    used 11147K, committed 11456K, reserved 1048576K
}
Event: 747.569 GC heap after
{Heap after GC invocations=22 (full 0):
 garbage-first heap   total 99328K, used 36436K [0x00000000c1c00000, 0x0000000100000000)
  region size 1024K, 3 young (3072K), 3 survivors (3072K)
 Metaspace       used 86997K, committed 87680K, reserved 1179648K
  class space    used 11147K, committed 11456K, reserved 1048576K
}

